<?xml version="1.0" encoding="UTF-8"?>
<testsuite name="dku.dc.simpleDistributedSystem.SimpleDistributedSystemApplicationTests" tests="1" skipped="0" failures="0" errors="0" timestamp="2022-12-02T11:25:17" hostname="MacBook-Pro-5.local" time="0.545">
  <properties/>
  <testcase name="contextLoads()" classname="dku.dc.simpleDistributedSystem.SimpleDistributedSystemApplicationTests" time="0.545"/>
  <system-out><![CDATA[20:25:13.435 [Test worker] DEBUG org.springframework.test.context.BootstrapUtils - Instantiating CacheAwareContextLoaderDelegate from class [org.springframework.test.context.cache.DefaultCacheAwareContextLoaderDelegate]
20:25:13.446 [Test worker] DEBUG org.springframework.test.context.BootstrapUtils - Instantiating BootstrapContext using constructor [public org.springframework.test.context.support.DefaultBootstrapContext(java.lang.Class,org.springframework.test.context.CacheAwareContextLoaderDelegate)]
20:25:13.504 [Test worker] DEBUG org.springframework.test.context.BootstrapUtils - Instantiating TestContextBootstrapper for test class [dku.dc.simpleDistributedSystem.SimpleDistributedSystemApplicationTests] from class [org.springframework.boot.test.context.SpringBootTestContextBootstrapper]
20:25:13.523 [Test worker] INFO org.springframework.boot.test.context.SpringBootTestContextBootstrapper - Neither @ContextConfiguration nor @ContextHierarchy found for test class [dku.dc.simpleDistributedSystem.SimpleDistributedSystemApplicationTests], using SpringBootContextLoader
20:25:13.528 [Test worker] DEBUG org.springframework.test.context.support.AbstractContextLoader - Did not detect default resource location for test class [dku.dc.simpleDistributedSystem.SimpleDistributedSystemApplicationTests]: class path resource [dku/dc/simpleDistributedSystem/SimpleDistributedSystemApplicationTests-context.xml] does not exist
20:25:13.529 [Test worker] DEBUG org.springframework.test.context.support.AbstractContextLoader - Did not detect default resource location for test class [dku.dc.simpleDistributedSystem.SimpleDistributedSystemApplicationTests]: class path resource [dku/dc/simpleDistributedSystem/SimpleDistributedSystemApplicationTestsContext.groovy] does not exist
20:25:13.529 [Test worker] INFO org.springframework.test.context.support.AbstractContextLoader - Could not detect default resource locations for test class [dku.dc.simpleDistributedSystem.SimpleDistributedSystemApplicationTests]: no resource found for suffixes {-context.xml, Context.groovy}.
20:25:13.530 [Test worker] INFO org.springframework.test.context.support.AnnotationConfigContextLoaderUtils - Could not detect default configuration classes for test class [dku.dc.simpleDistributedSystem.SimpleDistributedSystemApplicationTests]: SimpleDistributedSystemApplicationTests does not declare any static, non-private, non-final, nested classes annotated with @Configuration.
20:25:13.598 [Test worker] DEBUG org.springframework.test.context.support.ActiveProfilesUtils - Could not find an 'annotation declaring class' for annotation type [org.springframework.test.context.ActiveProfiles] and class [dku.dc.simpleDistributedSystem.SimpleDistributedSystemApplicationTests]
20:25:13.689 [Test worker] DEBUG org.springframework.context.annotation.ClassPathScanningCandidateComponentProvider - Identified candidate component class: file [/Users/dongkyu/IdeaProjects/employeeDistributedSystem/build/classes/java/main/dku/dc/simpleDistributedSystem/SimpleDistributedSystemApplication.class]
20:25:13.693 [Test worker] INFO org.springframework.boot.test.context.SpringBootTestContextBootstrapper - Found @SpringBootConfiguration dku.dc.simpleDistributedSystem.SimpleDistributedSystemApplication for test class dku.dc.simpleDistributedSystem.SimpleDistributedSystemApplicationTests
20:25:13.804 [Test worker] DEBUG org.springframework.boot.test.context.SpringBootTestContextBootstrapper - @TestExecutionListeners is not present for class [dku.dc.simpleDistributedSystem.SimpleDistributedSystemApplicationTests]: using defaults.
20:25:13.805 [Test worker] INFO org.springframework.boot.test.context.SpringBootTestContextBootstrapper - Loaded default TestExecutionListener class names from location [META-INF/spring.factories]: [org.springframework.boot.test.autoconfigure.restdocs.RestDocsTestExecutionListener, org.springframework.boot.test.autoconfigure.web.client.MockRestServiceServerResetTestExecutionListener, org.springframework.boot.test.autoconfigure.web.servlet.MockMvcPrintOnlyOnFailureTestExecutionListener, org.springframework.boot.test.autoconfigure.web.servlet.WebDriverTestExecutionListener, org.springframework.boot.test.autoconfigure.webservices.client.MockWebServiceServerTestExecutionListener, org.springframework.boot.test.mock.mockito.MockitoTestExecutionListener, org.springframework.boot.test.mock.mockito.ResetMocksTestExecutionListener, org.springframework.test.context.web.ServletTestExecutionListener, org.springframework.test.context.support.DirtiesContextBeforeModesTestExecutionListener, org.springframework.test.context.event.ApplicationEventsTestExecutionListener, org.springframework.test.context.support.DependencyInjectionTestExecutionListener, org.springframework.test.context.support.DirtiesContextTestExecutionListener, org.springframework.test.context.transaction.TransactionalTestExecutionListener, org.springframework.test.context.jdbc.SqlScriptsTestExecutionListener, org.springframework.test.context.event.EventPublishingTestExecutionListener]
20:25:13.818 [Test worker] DEBUG org.springframework.boot.test.context.SpringBootTestContextBootstrapper - Skipping candidate TestExecutionListener [org.springframework.test.context.transaction.TransactionalTestExecutionListener] due to a missing dependency. Specify custom listener classes or make the default listener classes and their required dependencies available. Offending class: [org/springframework/transaction/interceptor/TransactionAttributeSource]
20:25:13.819 [Test worker] DEBUG org.springframework.boot.test.context.SpringBootTestContextBootstrapper - Skipping candidate TestExecutionListener [org.springframework.test.context.jdbc.SqlScriptsTestExecutionListener] due to a missing dependency. Specify custom listener classes or make the default listener classes and their required dependencies available. Offending class: [org/springframework/transaction/interceptor/TransactionAttribute]
20:25:13.819 [Test worker] INFO org.springframework.boot.test.context.SpringBootTestContextBootstrapper - Using TestExecutionListeners: [org.springframework.test.context.web.ServletTestExecutionListener@52045dbe, org.springframework.test.context.support.DirtiesContextBeforeModesTestExecutionListener@674658f7, org.springframework.test.context.event.ApplicationEventsTestExecutionListener@5c8eee0f, org.springframework.boot.test.mock.mockito.MockitoTestExecutionListener@565b064f, org.springframework.boot.test.autoconfigure.SpringBootDependencyInjectionTestExecutionListener@26425897, org.springframework.test.context.support.DirtiesContextTestExecutionListener@73163d48, org.springframework.test.context.event.EventPublishingTestExecutionListener@58c34bb3, org.springframework.boot.test.autoconfigure.restdocs.RestDocsTestExecutionListener@56a4479a, org.springframework.boot.test.autoconfigure.web.client.MockRestServiceServerResetTestExecutionListener@62163b39, org.springframework.boot.test.autoconfigure.web.servlet.MockMvcPrintOnlyOnFailureTestExecutionListener@20a8a64e, org.springframework.boot.test.autoconfigure.web.servlet.WebDriverTestExecutionListener@62f4ff3b, org.springframework.boot.test.autoconfigure.webservices.client.MockWebServiceServerTestExecutionListener@1698fc68, org.springframework.boot.test.mock.mockito.ResetMocksTestExecutionListener@4504d271]
20:25:13.823 [Test worker] DEBUG org.springframework.test.context.support.AbstractDirtiesContextTestExecutionListener - Before test class: context [DefaultTestContext@3e5499cc testClass = SimpleDistributedSystemApplicationTests, testInstance = [null], testMethod = [null], testException = [null], mergedContextConfiguration = [WebMergedContextConfiguration@67ab1c47 testClass = SimpleDistributedSystemApplicationTests, locations = '{}', classes = '{class dku.dc.simpleDistributedSystem.SimpleDistributedSystemApplication}', contextInitializerClasses = '[]', activeProfiles = '{}', propertySourceLocations = '{}', propertySourceProperties = '{org.springframework.boot.test.context.SpringBootTestContextBootstrapper=true}', contextCustomizers = set[org.springframework.boot.test.autoconfigure.actuate.metrics.MetricsExportContextCustomizerFactory$DisableMetricExportContextCustomizer@7fcf2fc1, org.springframework.boot.test.autoconfigure.properties.PropertyMappingContextCustomizer@0, org.springframework.boot.test.autoconfigure.web.servlet.WebDriverContextCustomizerFactory$Customizer@119cbf96, org.springframework.boot.test.context.filter.ExcludeFilterContextCustomizer@455b6df1, org.springframework.boot.test.json.DuplicateJsonObjectContextCustomizerFactory$DuplicateJsonObjectContextCustomizer@14bee915, org.springframework.boot.test.mock.mockito.MockitoContextCustomizer@0, org.springframework.boot.test.web.client.TestRestTemplateContextCustomizer@1e44b638, org.springframework.boot.test.context.SpringBootTestArgs@1, org.springframework.boot.test.context.SpringBootTestWebEnvironment@247bddad], resourceBasePath = 'src/main/webapp', contextLoader = 'org.springframework.boot.test.context.SpringBootContextLoader', parent = [null]], attributes = map['org.springframework.test.context.web.ServletTestExecutionListener.activateListener' -> true]], class annotated with @DirtiesContext [false] with mode [null].

  .   ____          _            __ _ _
 /\\ / ___'_ __ _ _(_)_ __  __ _ \ \ \ \
( ( )\___ | '_ | '_| | '_ \/ _` | \ \ \ \
 \\/  ___)| |_)| | | | | || (_| |  ) ) ) )
  '  |____| .__|_| |_|_| |_\__, | / / / /
 =========|_|==============|___/=/_/_/_/
 :: Spring Boot ::                (v2.7.6)

2022-12-02 20:25:14.635  INFO 51180 --- [    Test worker] .SimpleDistributedSystemApplicationTests : Starting SimpleDistributedSystemApplicationTests using Java 17.0.2 on MacBook-Pro-5.local with PID 51180 (started by dongkyu in /Users/dongkyu/IdeaProjects/employeeDistributedSystem)
2022-12-02 20:25:14.637  INFO 51180 --- [    Test worker] .SimpleDistributedSystemApplicationTests : No active profile set, falling back to 1 default profile: "default"
2022-12-02 20:25:17.480  INFO 51180 --- [    Test worker] .SimpleDistributedSystemApplicationTests : Started SimpleDistributedSystemApplicationTests in 3.583 seconds (JVM running for 5.298)
]]></system-out>
  <system-err><![CDATA[]]></system-err>
</testsuite>
